Matplotlib created a temporary config/cache directory at /tmp/matplotlib-y1069_1y because the default path (/home/o/oscarh/aryanah/.config/matplotlib) is not a writable directory; it is highly recommended to set the MPLCONFIGDIR environment variable to a writable directory, in particular to speed up the import of Matplotlib and to better support multiprocessing.

scontrol show jobid 9229012
JobId=9229012 JobName=samples_known_curve_oscar
   UserId=aryanah(3113427) GroupId=oscarh(6003844) MCS_label=N/A
   Priority=2159087 Nice=0 Account=def-oscarh QOS=normal
   JobState=COMPLETING Reason=None Dependency=(null)
   Requeue=0 Restarts=0 BatchFlag=1 Reboot=0 ExitCode=0:0
   RunTime=12:30:33 TimeLimit=20:00:00 TimeMin=N/A
   SubmitTime=2023-04-16T13:06:44 EligibleTime=2023-04-16T13:06:44
   AccrueTime=2023-04-16T13:06:44
   StartTime=2023-04-16T13:06:44 EndTime=2023-04-17T01:37:17 Deadline=N/A
   SuspendTime=None SecsPreSuspend=0 LastSchedEval=2023-04-16T13:06:44 Scheduler=Main
   Partition=compute AllocNode:Sid=nia-login02:94483
   ReqNodeList=(null) ExcNodeList=(null)
   NodeList=nia0372
   BatchHost=nia0372
   NumNodes=1 NumCPUs=80 NumTasks=1 CPUs/Task=1 ReqB:S:C:T=0:0:*:*
   TRES=cpu=80,mem=175000M,node=1,billing=40
   Socks/Node=* NtasksPerN:B:S:C=1:0:*:* CoreSpec=*
   MinCPUsNode=1 MinMemoryNode=175000M MinTmpDiskNode=0
   Features=[skylake|cascade] DelayBoot=00:00:00
   OverSubscribe=NO Contiguous=0 Licenses=(null) Network=(null)
   Command=/gpfs/fs1/home/o/oscarh/aryanah/My-Project/code_final/known_curve/jobscript_oscar.sh
   WorkDir=/gpfs/fs1/home/o/oscarh/aryanah/My-Project/code_final/known_curve
   Comment=/opt/slurm/bin/sbatch --export=NONE jobscript_oscar.sh 
   StdErr=/scratch/o/oscarh/aryanah/samples_known_curve/job_out.out
   StdIn=/dev/null
   StdOut=/scratch/o/oscarh/aryanah/samples_known_curve/job_out.out
   Power=
   MailUser=aryana.haghjoo@mail.mcgill.ca MailType=INVALID_DEPEND,BEGIN,END,FAIL,REQUEUE,STAGE_OUT
   

sacct -j 9229012
JobID           JobName    Account    Elapsed  MaxVMSize     MaxRSS  SystemCPU    UserCPU ExitCode 
------------ ---------- ---------- ---------- ---------- ---------- ---------- ---------- -------- 
9229012      samples_k+ def-oscarh   12:30:33                        08:39.365   14:32:23      0:0 
9229012.bat+      batch def-oscarh   12:30:33  12300284K   8614448K  08:39.365   14:32:23      0:0 
9229012.ext+     extern def-oscarh   12:30:34    142384K       940K   00:00:00   00:00:00      0:0 
